<?xml version="1.0" encoding="UTF-8"?>
<coverage generated="1771377531156" clover="3.2.0">
  <project timestamp="1771377531156" name="All files">
    <metrics statements="50" coveredstatements="46" conditionals="23" coveredconditionals="16" methods="10" coveredmethods="9" elements="83" coveredelements="71" complexity="0" loc="50" ncloc="50" packages="1" files="1" classes="1"/>
    <file name="index.js" path="/home/runner/work/FunnelShop/FunnelShop/server/index.js">
      <metrics statements="50" coveredstatements="46" conditionals="23" coveredconditionals="16" methods="10" coveredmethods="9"/>
      <line num="1" count="1" type="stmt"/>
      <line num="2" count="1" type="stmt"/>
      <line num="4" count="1" type="stmt"/>
      <line num="5" count="1" type="cond" truecount="2" falsecount="0"/>
      <line num="8" count="1" type="stmt"/>
      <line num="9" count="1" type="stmt"/>
      <line num="12" count="1" type="stmt"/>
      <line num="102" count="1" type="stmt"/>
      <line num="103" count="1" type="stmt"/>
      <line num="111" count="1" type="stmt"/>
      <line num="112" count="1" type="stmt"/>
      <line num="116" count="1" type="stmt"/>
      <line num="117" count="1" type="stmt"/>
      <line num="118" count="1" type="stmt"/>
      <line num="122" count="1" type="stmt"/>
      <line num="123" count="2" type="stmt"/>
      <line num="124" count="2" type="cond" truecount="2" falsecount="0"/>
      <line num="125" count="1" type="stmt"/>
      <line num="127" count="1" type="stmt"/>
      <line num="131" count="1" type="stmt"/>
      <line num="132" count="2" type="stmt"/>
      <line num="134" count="2" type="cond" truecount="5" falsecount="0"/>
      <line num="135" count="1" type="stmt"/>
      <line num="138" count="1" type="stmt"/>
      <line num="139" count="1" type="stmt"/>
      <line num="141" count="1" type="stmt"/>
      <line num="151" count="1" type="stmt"/>
      <line num="152" count="1" type="stmt"/>
      <line num="156" count="1" type="stmt"/>
      <line num="157" count="1" type="stmt"/>
      <line num="158" count="1" type="cond" truecount="1" falsecount="1"/>
      <line num="159" count="0" type="stmt"/>
      <line num="162" count="1" type="stmt"/>
      <line num="164" count="1" type="stmt"/>
      <line num="173" count="1" type="stmt"/>
      <line num="174" count="1" type="stmt"/>
      <line num="178" count="1" type="stmt"/>
      <line num="179" count="1" type="stmt"/>
      <line num="180" count="1" type="cond" truecount="1" falsecount="1"/>
      <line num="181" count="0" type="stmt"/>
      <line num="184" count="1" type="stmt"/>
      <line num="185" count="1" type="stmt"/>
      <line num="189" count="1" type="stmt"/>
      <line num="190" count="0" type="stmt"/>
      <line num="191" count="0" type="stmt"/>
      <line num="195" count="1" type="stmt"/>
      <line num="196" count="1" type="stmt"/>
      <line num="200" count="1" type="stmt"/>
      <line num="201" count="1" type="stmt"/>
      <line num="205" count="1" type="stmt"/>
    </file>
  </project>
</coverage>
