{"/home/runner/work/FunnelShop/FunnelShop/server/index.js": {"path":"/home/runner/work/FunnelShop/FunnelShop/server/index.js","statementMap":{"0":{"start":{"line":1,"column":16},"end":{"line":1,"column":34}},"1":{"start":{"line":2,"column":13},"end":{"line":2,"column":28}},"2":{"start":{"line":4,"column":12},"end":{"line":4,"column":21}},"3":{"start":{"line":5,"column":13},"end":{"line":5,"column":37}},"4":{"start":{"line":8,"column":0},"end":{"line":8,"column":16}},"5":{"start":{"line":9,"column":0},"end":{"line":9,"column":24}},"6":{"start":{"line":12,"column":18},"end":{"line":99,"column":1}},"7":{"start":{"line":102,"column":0},"end":{"line":108,"column":3}},"8":{"start":{"line":103,"column":2},"end":{"line":107,"column":5}},"9":{"start":{"line":111,"column":0},"end":{"line":113,"column":3}},"10":{"start":{"line":112,"column":2},"end":{"line":112,"column":33}},"11":{"start":{"line":116,"column":0},"end":{"line":119,"column":3}},"12":{"start":{"line":117,"column":20},"end":{"line":117,"column":60}},"13":{"start":{"line":118,"column":2},"end":{"line":118,"column":22}},"14":{"start":{"line":122,"column":0},"end":{"line":128,"column":3}},"15":{"start":{"line":123,"column":19},"end":{"line":123,"column":57}},"16":{"start":{"line":124,"column":2},"end":{"line":126,"column":3}},"17":{"start":{"line":125,"column":4},"end":{"line":125,"column":65}},"18":{"start":{"line":127,"column":2},"end":{"line":127,"column":21}},"19":{"start":{"line":131,"column":0},"end":{"line":153,"column":3}},"20":{"start":{"line":132,"column":62},"end":{"line":132,"column":70}},"21":{"start":{"line":134,"column":2},"end":{"line":136,"column":3}},"22":{"start":{"line":135,"column":4},"end":{"line":135,"column":70}},"23":{"start":{"line":138,"column":13},"end":{"line":138,"column":53}},"24":{"start":{"line":139,"column":14},"end":{"line":139,"column":38}},"25":{"start":{"line":141,"column":19},"end":{"line":149,"column":3}},"26":{"start":{"line":151,"column":2},"end":{"line":151,"column":40}},"27":{"start":{"line":152,"column":2},"end":{"line":152,"column":33}},"28":{"start":{"line":156,"column":0},"end":{"line":175,"column":3}},"29":{"start":{"line":157,"column":19},"end":{"line":157,"column":57}},"30":{"start":{"line":158,"column":2},"end":{"line":160,"column":3}},"31":{"start":{"line":159,"column":4},"end":{"line":159,"column":65}},"32":{"start":{"line":162,"column":62},"end":{"line":162,"column":70}},"33":{"start":{"line":164,"column":26},"end":{"line":171,"column":3}},"34":{"start":{"line":173,"column":2},"end":{"line":173,"column":58}},"35":{"start":{"line":174,"column":2},"end":{"line":174,"column":28}},"36":{"start":{"line":178,"column":0},"end":{"line":186,"column":3}},"37":{"start":{"line":179,"column":19},"end":{"line":179,"column":57}},"38":{"start":{"line":180,"column":2},"end":{"line":182,"column":3}},"39":{"start":{"line":181,"column":4},"end":{"line":181,"column":65}},"40":{"start":{"line":184,"column":2},"end":{"line":184,"column":44}},"41":{"start":{"line":185,"column":2},"end":{"line":185,"column":25}},"42":{"start":{"line":189,"column":0},"end":{"line":192,"column":3}},"43":{"start":{"line":190,"column":2},"end":{"line":190,"column":31}},"44":{"start":{"line":191,"column":2},"end":{"line":191,"column":59}},"45":{"start":{"line":195,"column":0},"end":{"line":197,"column":3}},"46":{"start":{"line":196,"column":2},"end":{"line":196,"column":47}},"47":{"start":{"line":200,"column":15},"end":{"line":202,"column":2}},"48":{"start":{"line":201,"column":2},"end":{"line":201,"column":60}},"49":{"start":{"line":205,"column":0},"end":{"line":205,"column":33}}},"fnMap":{"0":{"name":"(anonymous_0)","decl":{"start":{"line":102,"column":23},"end":{"line":102,"column":24}},"loc":{"start":{"line":102,"column":37},"end":{"line":108,"column":1}},"line":102},"1":{"name":"(anonymous_1)","decl":{"start":{"line":111,"column":27},"end":{"line":111,"column":28}},"loc":{"start":{"line":111,"column":41},"end":{"line":113,"column":1}},"line":111},"2":{"name":"(anonymous_2)","decl":{"start":{"line":116,"column":26},"end":{"line":116,"column":27}},"loc":{"start":{"line":116,"column":40},"end":{"line":119,"column":1}},"line":116},"3":{"name":"(anonymous_3)","decl":{"start":{"line":122,"column":30},"end":{"line":122,"column":31}},"loc":{"start":{"line":122,"column":44},"end":{"line":128,"column":1}},"line":122},"4":{"name":"(anonymous_4)","decl":{"start":{"line":131,"column":27},"end":{"line":131,"column":28}},"loc":{"start":{"line":131,"column":41},"end":{"line":153,"column":1}},"line":131},"5":{"name":"(anonymous_5)","decl":{"start":{"line":156,"column":30},"end":{"line":156,"column":31}},"loc":{"start":{"line":156,"column":44},"end":{"line":175,"column":1}},"line":156},"6":{"name":"(anonymous_6)","decl":{"start":{"line":178,"column":33},"end":{"line":178,"column":34}},"loc":{"start":{"line":178,"column":47},"end":{"line":186,"column":1}},"line":178},"7":{"name":"(anonymous_7)","decl":{"start":{"line":189,"column":8},"end":{"line":189,"column":9}},"loc":{"start":{"line":189,"column":33},"end":{"line":192,"column":1}},"line":189},"8":{"name":"(anonymous_8)","decl":{"start":{"line":195,"column":8},"end":{"line":195,"column":9}},"loc":{"start":{"line":195,"column":22},"end":{"line":197,"column":1}},"line":195},"9":{"name":"(anonymous_9)","decl":{"start":{"line":200,"column":32},"end":{"line":200,"column":33}},"loc":{"start":{"line":200,"column":38},"end":{"line":202,"column":1}},"line":200}},"branchMap":{"0":{"loc":{"start":{"line":5,"column":13},"end":{"line":5,"column":37}},"type":"binary-expr","locations":[{"start":{"line":5,"column":13},"end":{"line":5,"column":29}},{"start":{"line":5,"column":33},"end":{"line":5,"column":37}}],"line":5},"1":{"loc":{"start":{"line":124,"column":2},"end":{"line":126,"column":3}},"type":"if","locations":[{"start":{"line":124,"column":2},"end":{"line":126,"column":3}},{"start":{},"end":{}}],"line":124},"2":{"loc":{"start":{"line":134,"column":2},"end":{"line":136,"column":3}},"type":"if","locations":[{"start":{"line":134,"column":2},"end":{"line":136,"column":3}},{"start":{},"end":{}}],"line":134},"3":{"loc":{"start":{"line":134,"column":6},"end":{"line":134,"column":47}},"type":"binary-expr","locations":[{"start":{"line":134,"column":6},"end":{"line":134,"column":11}},{"start":{"line":134,"column":15},"end":{"line":134,"column":26}},{"start":{"line":134,"column":30},"end":{"line":134,"column":47}}],"line":134},"4":{"loc":{"start":{"line":144,"column":17},"end":{"line":144,"column":34}},"type":"binary-expr","locations":[{"start":{"line":144,"column":17},"end":{"line":144,"column":28}},{"start":{"line":144,"column":32},"end":{"line":144,"column":34}}],"line":144},"5":{"loc":{"start":{"line":158,"column":2},"end":{"line":160,"column":3}},"type":"if","locations":[{"start":{"line":158,"column":2},"end":{"line":160,"column":3}},{"start":{},"end":{}}],"line":158},"6":{"loc":{"start":{"line":166,"column":10},"end":{"line":166,"column":51}},"type":"cond-expr","locations":[{"start":{"line":166,"column":31},"end":{"line":166,"column":35}},{"start":{"line":166,"column":38},"end":{"line":166,"column":51}}],"line":166},"7":{"loc":{"start":{"line":167,"column":17},"end":{"line":167,"column":79}},"type":"cond-expr","locations":[{"start":{"line":167,"column":45},"end":{"line":167,"column":56}},{"start":{"line":167,"column":59},"end":{"line":167,"column":79}}],"line":167},"8":{"loc":{"start":{"line":168,"column":16},"end":{"line":168,"column":75}},"type":"cond-expr","locations":[{"start":{"line":168,"column":43},"end":{"line":168,"column":53}},{"start":{"line":168,"column":56},"end":{"line":168,"column":75}}],"line":168},"9":{"loc":{"start":{"line":169,"column":22},"end":{"line":169,"column":99}},"type":"cond-expr","locations":[{"start":{"line":169,"column":55},"end":{"line":169,"column":71}},{"start":{"line":169,"column":74},"end":{"line":169,"column":99}}],"line":169},"10":{"loc":{"start":{"line":180,"column":2},"end":{"line":182,"column":3}},"type":"if","locations":[{"start":{"line":180,"column":2},"end":{"line":182,"column":3}},{"start":{},"end":{}}],"line":180}},"s":{"0":1,"1":1,"2":1,"3":1,"4":1,"5":1,"6":1,"7":1,"8":1,"9":1,"10":1,"11":1,"12":1,"13":1,"14":1,"15":2,"16":2,"17":1,"18":1,"19":1,"20":2,"21":2,"22":1,"23":1,"24":1,"25":1,"26":1,"27":1,"28":1,"29":1,"30":1,"31":0,"32":1,"33":1,"34":1,"35":1,"36":1,"37":1,"38":1,"39":0,"40":1,"41":1,"42":1,"43":0,"44":0,"45":1,"46":1,"47":1,"48":1,"49":1},"f":{"0":1,"1":1,"2":1,"3":2,"4":2,"5":1,"6":1,"7":0,"8":1,"9":1},"b":{"0":[1,1],"1":[1,1],"2":[1,1],"3":[2,2,1],"4":[1,0],"5":[0,1],"6":[1,0],"7":[1,0],"8":[0,1],"9":[0,1],"10":[0,1]},"_coverageSchema":"1a1c01bbd47fc00a2c39e90264f33305004495a9","hash":"132e7efb5900a135af3d6f8486ce2d6bb01bf76f"}
}
