TN:
SF:index.js
FN:102,(anonymous_0)
FN:111,(anonymous_1)
FN:116,(anonymous_2)
FN:122,(anonymous_3)
FN:131,(anonymous_4)
FN:156,(anonymous_5)
FN:178,(anonymous_6)
FN:189,(anonymous_7)
FN:195,(anonymous_8)
FN:200,(anonymous_9)
FNF:10
FNH:9
FNDA:1,(anonymous_0)
FNDA:1,(anonymous_1)
FNDA:1,(anonymous_2)
FNDA:2,(anonymous_3)
FNDA:2,(anonymous_4)
FNDA:1,(anonymous_5)
FNDA:1,(anonymous_6)
FNDA:0,(anonymous_7)
FNDA:1,(anonymous_8)
FNDA:1,(anonymous_9)
DA:1,1
DA:2,1
DA:4,1
DA:5,1
DA:8,1
DA:9,1
DA:12,1
DA:102,1
DA:103,1
DA:111,1
DA:112,1
DA:116,1
DA:117,1
DA:118,1
DA:122,1
DA:123,2
DA:124,2
DA:125,1
DA:127,1
DA:131,1
DA:132,2
DA:134,2
DA:135,1
DA:138,1
DA:139,1
DA:141,1
DA:151,1
DA:152,1
DA:156,1
DA:157,1
DA:158,1
DA:159,0
DA:162,1
DA:164,1
DA:173,1
DA:174,1
DA:178,1
DA:179,1
DA:180,1
DA:181,0
DA:184,1
DA:185,1
DA:189,1
DA:190,0
DA:191,0
DA:195,1
DA:196,1
DA:200,1
DA:201,1
DA:205,1
LF:50
LH:46
BRDA:5,0,0,1
BRDA:5,0,1,1
BRDA:124,1,0,1
BRDA:124,1,1,1
BRDA:134,2,0,1
BRDA:134,2,1,1
BRDA:134,3,0,2
BRDA:134,3,1,2
BRDA:134,3,2,1
BRDA:144,4,0,1
BRDA:144,4,1,0
BRDA:158,5,0,0
BRDA:158,5,1,1
BRDA:166,6,0,1
BRDA:166,6,1,0
BRDA:167,7,0,1
BRDA:167,7,1,0
BRDA:168,8,0,0
BRDA:168,8,1,1
BRDA:169,9,0,0
BRDA:169,9,1,1
BRDA:180,10,0,0
BRDA:180,10,1,1
BRF:23
BRH:16
end_of_record
